/home/shafi/miniconda3/envs/bacterialgenomics/bin/quast.py -o QC_ASSEMBLY -R genomes/H37Rv.fasta target_SPADES_OUT/scaffolds.fasta polished_assembly/target.polished.fasta

Version: 5.2.0

System information:
  OS: Linux-6.5.0-18-generic-x86_64-with-glibc2.35 (linux_64)
  Python version: 3.12.3
  CPUs number: 12

Started: 2024-10-11 14:34:24

Logging to /home/shafi/tanjim/bioinformatics/WGS_analysis/bacterialgenomics/QC_ASSEMBLY/quast.log
NOTICE: Maximum number of threads is set to 3 (use --threads option to set it manually)

CWD: /home/shafi/tanjim/bioinformatics/WGS_analysis/bacterialgenomics
Main parameters: 
  MODE: default, threads: 3, min contig length: 500, min alignment length: 65, min alignment IDY: 95.0, \
  ambiguity: one, min local misassembly length: 200, min extensive misassembly length: 1000

Reference:
  /home/shafi/tanjim/bioinformatics/WGS_analysis/bacterialgenomics/genomes/H37Rv.fasta ==> H37Rv

Contigs:
  Pre-processing...
  1  target_SPADES_OUT/scaffolds.fasta ==> scaffolds
  2  polished_assembly/target.polished.fasta ==> target.polished

2024-10-11 14:34:25
Running Basic statistics processor...
  Reference genome:
    H37Rv.fasta, length = 4349904, num fragments = 1, GC % = 65.63
  Contig files: 
    1  scaffolds
    2  target.polished
  Calculating N50 and L50...
    1  scaffolds, N50 = 150954, L50 = 11, auN = 154329.2, Total length = 4381453, GC % = 65.58, # N's per 100 kbp =  43.36
    2  target.polished, N50 = 150954, L50 = 11, auN = 154311.6, Total length = 4381490, GC % = 65.58, # N's per 100 kbp =  38.55
  Drawing Nx plot...
    saved to /home/shafi/tanjim/bioinformatics/WGS_analysis/bacterialgenomics/QC_ASSEMBLY/basic_stats/Nx_plot.pdf
  Drawing NGx plot...
    saved to /home/shafi/tanjim/bioinformatics/WGS_analysis/bacterialgenomics/QC_ASSEMBLY/basic_stats/NGx_plot.pdf
  Drawing cumulative plot...
    saved to /home/shafi/tanjim/bioinformatics/WGS_analysis/bacterialgenomics/QC_ASSEMBLY/basic_stats/cumulative_plot.pdf
  Drawing GC content plot...
    saved to /home/shafi/tanjim/bioinformatics/WGS_analysis/bacterialgenomics/QC_ASSEMBLY/basic_stats/GC_content_plot.pdf
  Drawing scaffolds GC content plot...
    saved to /home/shafi/tanjim/bioinformatics/WGS_analysis/bacterialgenomics/QC_ASSEMBLY/basic_stats/scaffolds_GC_content_plot.pdf
  Drawing target.polished GC content plot...
    saved to /home/shafi/tanjim/bioinformatics/WGS_analysis/bacterialgenomics/QC_ASSEMBLY/basic_stats/target.polished_GC_content_plot.pdf
  Drawing Coverage histogram (bin size: 1x)...
    saved to /home/shafi/tanjim/bioinformatics/WGS_analysis/bacterialgenomics/QC_ASSEMBLY/basic_stats/coverage_histogram.pdf
  Drawing scaffolds coverage histogram (bin size: 1x)...
    saved to /home/shafi/tanjim/bioinformatics/WGS_analysis/bacterialgenomics/QC_ASSEMBLY/basic_stats/scaffolds_coverage_histogram.pdf
  Drawing target.polished coverage histogram (bin size: 1x)...
    saved to /home/shafi/tanjim/bioinformatics/WGS_analysis/bacterialgenomics/QC_ASSEMBLY/basic_stats/target-polished_coverage_histogram.pdf
Done.

2024-10-11 14:34:26
Running Contig analyzer...
WARNING: Version of installed minimap2 differs from its version in the QUAST package (2.24). Please make sure that you use an actual version of software.
  1  scaffolds
  2  target.polished
  1  Logging to files /home/shafi/tanjim/bioinformatics/WGS_analysis/bacterialgenomics/QC_ASSEMBLY/contigs_reports/contigs_report_scaffolds.stdout and contigs_report_scaffolds.stderr...
  2  Logging to files /home/shafi/tanjim/bioinformatics/WGS_analysis/bacterialgenomics/QC_ASSEMBLY/contigs_reports/contigs_report_target-polished.stdout and contigs_report_target-polished.stderr...
  1  Aligning contigs to the reference
  2  Aligning contigs to the reference
WARNING: Version of installed minimap2 differs from its version in the QUAST package (2.24). Please make sure that you use an actual version of software.
WARNING: Version of installed minimap2 differs from its version in the QUAST package (2.24). Please make sure that you use an actual version of software.
  2  /home/shafi/miniconda3/envs/bacterialgenomics/bin/minimap2 -c -x asm10 -B5 -O4,16 \
     --no-long-join -r 200 -N 50 -s 65 -z 200 --mask-level 0.9 --min-occ 200 -g 2500 \
     --score-N 2 --cs -t 1 QC_ASSEMBLY/quast_corrected_input/H37Rv.fasta QC_ASSEMBLY/quast_corrected_input/target-polished.fasta \
     > QC_ASSEMBLY/contigs_reports/minimap_output/target-polished.coords_tmp 2>> QC_ASSEMBLY/contigs_reports/contigs_report_target-polished.stderr
  1  /home/shafi/miniconda3/envs/bacterialgenomics/bin/minimap2 -c -x asm10 -B5 -O4,16 \
     --no-long-join -r 200 -N 50 -s 65 -z 200 --mask-level 0.9 --min-occ 200 -g 2500 \
     --score-N 2 --cs -t 1 QC_ASSEMBLY/quast_corrected_input/H37Rv.fasta QC_ASSEMBLY/quast_corrected_input/scaffolds.fasta \
     > QC_ASSEMBLY/contigs_reports/minimap_output/scaffolds.coords_tmp 2>> QC_ASSEMBLY/contigs_reports/contigs_report_scaffolds.stderr
  1  Analysis is finished.

  2  Analysis is finished.

  Creating total report...
    saved to /home/shafi/tanjim/bioinformatics/WGS_analysis/bacterialgenomics/QC_ASSEMBLY/contigs_reports/misassemblies_report.txt, misassemblies_report.tsv, and misassemblies_report.tex
  Transposed version of total report...
    saved to /home/shafi/tanjim/bioinformatics/WGS_analysis/bacterialgenomics/QC_ASSEMBLY/contigs_reports/transposed_report_misassemblies.txt, transposed_report_misassemblies.tsv, and transposed_report_misassemblies.tex
  Creating total report...
    saved to /home/shafi/tanjim/bioinformatics/WGS_analysis/bacterialgenomics/QC_ASSEMBLY/contigs_reports/unaligned_report.txt, unaligned_report.tsv, and unaligned_report.tex
  Drawing misassemblies by types plot...
    saved to /home/shafi/tanjim/bioinformatics/WGS_analysis/bacterialgenomics/QC_ASSEMBLY/contigs_reports/misassemblies_plot.pdf
  Drawing misassemblies FRCurve plot...
    saved to /home/shafi/tanjim/bioinformatics/WGS_analysis/bacterialgenomics/QC_ASSEMBLY/contigs_reports/misassemblies_frcurve_plot.pdf
Done.

2024-10-11 14:34:27
Running NA-NGA calculation...
  1  scaffolds, Largest alignment = 224791, NA50 = 106556, NGA50 = 106556, LA50 = 14, LGA50 = 14
  2  target.polished, Largest alignment = 224791, NA50 = 106556, NGA50 = 106556, LA50 = 14, LGA50 = 14
  Drawing cumulative plot...
    saved to /home/shafi/tanjim/bioinformatics/WGS_analysis/bacterialgenomics/QC_ASSEMBLY/aligned_stats/cumulative_plot.pdf
  Drawing NAx plot...
    saved to /home/shafi/tanjim/bioinformatics/WGS_analysis/bacterialgenomics/QC_ASSEMBLY/aligned_stats/NAx_plot.pdf
  Drawing NGAx plot...
    saved to /home/shafi/tanjim/bioinformatics/WGS_analysis/bacterialgenomics/QC_ASSEMBLY/aligned_stats/NGAx_plot.pdf
Done.

2024-10-11 14:34:28
Running Genome analyzer...
  NOTICE: No file with genomic features were provided. Use the --features option if you want to specify it.

  NOTICE: No file with operons were provided. Use the -O option if you want to specify it.
  1  scaffolds
  2  target.polished
  1  Analysis is finished.
  2  Analysis is finished.
  Drawing Genome fraction, % histogram...
    saved to /home/shafi/tanjim/bioinformatics/WGS_analysis/bacterialgenomics/QC_ASSEMBLY/genome_stats/genome_fraction_histogram.pdf
Done.

NOTICE: Genes are not predicted by default. Use --gene-finding or --glimmer option to enable it.

2024-10-11 14:34:28
Creating large visual summaries...
This may take a while: press Ctrl-C to skip this step..
  1 of 2: Creating PDF with all tables and plots...
  2 of 2: Creating Icarus viewers...
Done

2024-10-11 14:34:29
RESULTS:
  Text versions of total report are saved to /home/shafi/tanjim/bioinformatics/WGS_analysis/bacterialgenomics/QC_ASSEMBLY/report.txt, report.tsv, and report.tex
  Text versions of transposed total report are saved to /home/shafi/tanjim/bioinformatics/WGS_analysis/bacterialgenomics/QC_ASSEMBLY/transposed_report.txt, transposed_report.tsv, and transposed_report.tex
  HTML version (interactive tables and plots) is saved to /home/shafi/tanjim/bioinformatics/WGS_analysis/bacterialgenomics/QC_ASSEMBLY/report.html
  PDF version (tables and plots) is saved to /home/shafi/tanjim/bioinformatics/WGS_analysis/bacterialgenomics/QC_ASSEMBLY/report.pdf
  Icarus (contig browser) is saved to /home/shafi/tanjim/bioinformatics/WGS_analysis/bacterialgenomics/QC_ASSEMBLY/icarus.html
  Log is saved to /home/shafi/tanjim/bioinformatics/WGS_analysis/bacterialgenomics/QC_ASSEMBLY/quast.log

Finished: 2024-10-11 14:34:29
Elapsed time: 0:00:05.044127
NOTICEs: 4; WARNINGs: 1; non-fatal ERRORs: 0

Thank you for using QUAST!
